<?xml version="1.0" encoding="UTF-8"?>
<!-- Generated by org.testng.reporters.JUnitXMLReporter -->
<testsuite ignored="0" hostname="DESKTOP-1MFOLQP" failures="0" tests="6" name="Default test" time="72.196" errors="0" timestamp="2024-08-07T13:35:19 IST">
  <testcase classname="com.capstone_project1.search" name="emptysearch" time="13.761"/>
  <testcase classname="com.capstone_project1.search" name="findsearchbox" time="2.882"/>
  <testcase classname="com.capstone_project1.search" name="invalidsearch" time="11.697"/>
  <testcase classname="com.capstone_project1.search" name="search" time="14.277"/>
  <testcase classname="com.capstone_project1.search" name="sendkeys" time="3.009"/>
  <testcase classname="com.capstone_project1.search" name="validsearch" time="12.345"/>
</testsuite> <!-- Default test -->
